C:\USERS\AILTON\DOCUMENTS\VISUAL STUDIO 2010\PROJECTS\ANTI-EMULATOR_CALLBACKSTECNIQUES\ANTI-EMULATOR_CALLBACKSTECNIQUES\DEBUG\ANTI-EMULATOR_CALLBACKSTECNIQUES.EXE.EMBED.MANIFEST
C:\USERS\AILTON\DOCUMENTS\VISUAL STUDIO 2010\PROJECTS\ANTI-EMULATOR_CALLBACKSTECNIQUES\ANTI-EMULATOR_CALLBACKSTECNIQUES\DEBUG\ANTI-EMULATOR_CALLBACKSTECNIQUES.EXE.EMBED.MANIFEST.RES
C:\USERS\AILTON\DOCUMENTS\VISUAL STUDIO 2010\PROJECTS\ANTI-EMULATOR_CALLBACKSTECNIQUES\ANTI-EMULATOR_CALLBACKSTECNIQUES\DEBUG\ANTI-EMULATOR_CALLBACKSTECNIQUES.EXE.INTERMEDIATE.MANIFEST
C:\USERS\AILTON\DOCUMENTS\VISUAL STUDIO 2010\PROJECTS\ANTI-EMULATOR_CALLBACKSTECNIQUES\ANTI-EMULATOR_CALLBACKSTECNIQUES\DEBUG\ANTI-EMULATOR_CALLBACKSTECNIQUES.OBJ
c:\Users\Ailton\documents\visual studio 2010\Projects\Anti-Emulator_CallbacksTecniques\Anti-Emulator_CallbacksTecniques\Debug\Anti-Emulator_CallbacksTecniques.write.1.tlog
c:\Users\Ailton\documents\visual studio 2010\Projects\Anti-Emulator_CallbacksTecniques\Anti-Emulator_CallbacksTecniques\Debug\Anti-Emulator_CallbacksTecniques_manifest.rc
c:\Users\Ailton\documents\visual studio 2010\Projects\Anti-Emulator_CallbacksTecniques\Anti-Emulator_CallbacksTecniques\Debug\cl.command.1.tlog
c:\Users\Ailton\documents\visual studio 2010\Projects\Anti-Emulator_CallbacksTecniques\Anti-Emulator_CallbacksTecniques\Debug\CL.read.1.tlog
c:\Users\Ailton\documents\visual studio 2010\Projects\Anti-Emulator_CallbacksTecniques\Anti-Emulator_CallbacksTecniques\Debug\CL.write.1.tlog
c:\Users\Ailton\documents\visual studio 2010\Projects\Anti-Emulator_CallbacksTecniques\Anti-Emulator_CallbacksTecniques\Debug\link.4284.read.1.tlog
c:\Users\Ailton\documents\visual studio 2010\Projects\Anti-Emulator_CallbacksTecniques\Anti-Emulator_CallbacksTecniques\Debug\link.4284.write.1.tlog
c:\Users\Ailton\documents\visual studio 2010\Projects\Anti-Emulator_CallbacksTecniques\Anti-Emulator_CallbacksTecniques\Debug\link.4284-cvtres.read.1.tlog
c:\Users\Ailton\documents\visual studio 2010\Projects\Anti-Emulator_CallbacksTecniques\Anti-Emulator_CallbacksTecniques\Debug\link.4284-cvtres.write.1.tlog
c:\Users\Ailton\documents\visual studio 2010\Projects\Anti-Emulator_CallbacksTecniques\Anti-Emulator_CallbacksTecniques\Debug\link.7124.read.1.tlog
c:\Users\Ailton\documents\visual studio 2010\Projects\Anti-Emulator_CallbacksTecniques\Anti-Emulator_CallbacksTecniques\Debug\link.7124.write.1.tlog
c:\Users\Ailton\documents\visual studio 2010\Projects\Anti-Emulator_CallbacksTecniques\Anti-Emulator_CallbacksTecniques\Debug\link.7124-cvtres.read.1.tlog
c:\Users\Ailton\documents\visual studio 2010\Projects\Anti-Emulator_CallbacksTecniques\Anti-Emulator_CallbacksTecniques\Debug\link.7124-cvtres.write.1.tlog
c:\Users\Ailton\documents\visual studio 2010\Projects\Anti-Emulator_CallbacksTecniques\Anti-Emulator_CallbacksTecniques\Debug\link.9828.read.1.tlog
c:\Users\Ailton\documents\visual studio 2010\Projects\Anti-Emulator_CallbacksTecniques\Anti-Emulator_CallbacksTecniques\Debug\link.9828.write.1.tlog
c:\Users\Ailton\documents\visual studio 2010\Projects\Anti-Emulator_CallbacksTecniques\Anti-Emulator_CallbacksTecniques\Debug\link.9828-cvtres.read.1.tlog
c:\Users\Ailton\documents\visual studio 2010\Projects\Anti-Emulator_CallbacksTecniques\Anti-Emulator_CallbacksTecniques\Debug\link.9828-cvtres.write.1.tlog
c:\Users\Ailton\documents\visual studio 2010\Projects\Anti-Emulator_CallbacksTecniques\Anti-Emulator_CallbacksTecniques\Debug\link.command.1.tlog
c:\Users\Ailton\documents\visual studio 2010\Projects\Anti-Emulator_CallbacksTecniques\Anti-Emulator_CallbacksTecniques\Debug\link.read.1.tlog
c:\Users\Ailton\documents\visual studio 2010\Projects\Anti-Emulator_CallbacksTecniques\Anti-Emulator_CallbacksTecniques\Debug\link.write.1.tlog
c:\Users\Ailton\documents\visual studio 2010\Projects\Anti-Emulator_CallbacksTecniques\Anti-Emulator_CallbacksTecniques\Debug\link-cvtres.read.1.tlog
c:\Users\Ailton\documents\visual studio 2010\Projects\Anti-Emulator_CallbacksTecniques\Anti-Emulator_CallbacksTecniques\Debug\link-cvtres.write.1.tlog
c:\Users\Ailton\documents\visual studio 2010\Projects\Anti-Emulator_CallbacksTecniques\Anti-Emulator_CallbacksTecniques\Debug\mt.command.1.tlog
c:\Users\Ailton\documents\visual studio 2010\Projects\Anti-Emulator_CallbacksTecniques\Anti-Emulator_CallbacksTecniques\Debug\mt.read.1.tlog
c:\Users\Ailton\documents\visual studio 2010\Projects\Anti-Emulator_CallbacksTecniques\Anti-Emulator_CallbacksTecniques\Debug\mt.write.1.tlog
c:\Users\Ailton\documents\visual studio 2010\Projects\Anti-Emulator_CallbacksTecniques\Anti-Emulator_CallbacksTecniques\Debug\rc.command.1.tlog
c:\Users\Ailton\documents\visual studio 2010\Projects\Anti-Emulator_CallbacksTecniques\Anti-Emulator_CallbacksTecniques\Debug\rc.read.1.tlog
c:\Users\Ailton\documents\visual studio 2010\Projects\Anti-Emulator_CallbacksTecniques\Anti-Emulator_CallbacksTecniques\Debug\rc.write.1.tlog
c:\Users\Ailton\documents\visual studio 2010\Projects\Anti-Emulator_CallbacksTecniques\Anti-Emulator_CallbacksTecniques\Debug\vc100.idb
C:\USERS\AILTON\DOCUMENTS\VISUAL STUDIO 2010\PROJECTS\ANTI-EMULATOR_CALLBACKSTECNIQUES\ANTI-EMULATOR_CALLBACKSTECNIQUES\DEBUG\VC100.PDB
C:\USERS\AILTON\DOCUMENTS\VISUAL STUDIO 2010\PROJECTS\ANTI-EMULATOR_CALLBACKSTECNIQUES\DEBUG\ANTI-EMULATOR_CALLBACKSTECNIQUES.EXE
C:\USERS\AILTON\DOCUMENTS\VISUAL STUDIO 2010\PROJECTS\ANTI-EMULATOR_CALLBACKSTECNIQUES\DEBUG\ANTI-EMULATOR_CALLBACKSTECNIQUES.ILK
C:\USERS\AILTON\DOCUMENTS\VISUAL STUDIO 2010\PROJECTS\ANTI-EMULATOR_CALLBACKSTECNIQUES\DEBUG\ANTI-EMULATOR_CALLBACKSTECNIQUES.PDB
